\BOOKMARK [0][-]{init.0}{Front Page}{}% 1
\BOOKMARK [0][-]{contents.0}{Table of Contents}{}% 2
\BOOKMARK [0][-]{figures.0}{List of Figures}{}% 3
\BOOKMARK [0][-]{tables.0}{List of Tables}{}% 4
\BOOKMARK [0][-]{chapter.1}{1 Introduction}{}% 5
\BOOKMARK [1][-]{section.1.1}{1.1 Context}{chapter.1}% 6
\BOOKMARK [1][-]{section.1.2}{1.2 Motivation and Objectives}{chapter.1}% 7
\BOOKMARK [1][-]{section.1.3}{1.3 Expected Contributions}{chapter.1}% 8
\BOOKMARK [1][-]{section.1.4}{1.4 Structure of the Report}{chapter.1}% 9
\BOOKMARK [0][-]{chapter.2}{2 State-of-the-Art}{}% 10
\BOOKMARK [1][-]{section.2.1}{2.1 Introduction}{chapter.2}% 11
\BOOKMARK [1][-]{section.2.2}{2.2 Reverse Engineering}{chapter.2}% 12
\BOOKMARK [2][-]{subsection.2.2.1}{2.2.1 Extraction of Information from Execution Traces}{section.2.2}% 13
\BOOKMARK [2][-]{subsection.2.2.2}{2.2.2 Extraction of Information from Web Applications}{section.2.2}% 14
\BOOKMARK [2][-]{subsection.2.2.3}{2.2.3 Inferring Patterns from Web applications}{section.2.2}% 15
\BOOKMARK [2][-]{subsection.2.2.4}{2.2.4 Capture-Replay Tools}{section.2.2}% 16
\BOOKMARK [1][-]{section.2.3}{2.3 Data Mining}{chapter.2}% 17
\BOOKMARK [2][-]{subsection.2.3.1}{2.3.1 Data Mining Algorithm Categories}{section.2.3}% 18
\BOOKMARK [2][-]{subsection.2.3.2}{2.3.2 Data Mining Tools and Frameworks}{section.2.3}% 19
\BOOKMARK [1][-]{section.2.4}{2.4 Patterns}{chapter.2}% 20
\BOOKMARK [1][-]{section.2.5}{2.5 Chapter Conclusions}{chapter.2}% 21
\BOOKMARK [0][-]{chapter.3}{3 Work Plan}{}% 22
\BOOKMARK [0][-]{chapter.4}{4 Conclusions}{}% 23
\BOOKMARK [1][-]{section.4.1}{4.1 Objectives}{chapter.4}% 24
\BOOKMARK [1][-]{section.4.2}{4.2 Project}{chapter.4}% 25
\BOOKMARK [1][-]{section.4.3}{4.3 Future Work}{chapter.4}% 26
\BOOKMARK [0][-]{section*.31}{References}{}% 27
